<?xml version="1.0" encoding="UTF-8"?>
<testsuite name="myRetail.MyProductTest" tests="1" skipped="0" failures="0" errors="0" timestamp="2017-02-15T03:52:38" hostname="SnowyRampart" time="0.001">
  <properties/>
  <testcase name="testSimpleProduct" classname="myRetail.MyProductTest" time="0.001"/>
  <system-out><![CDATA[]]></system-out>
  <system-err><![CDATA[]]></system-err>
</testsuite>
